ng tests via WorkStealingScheduling

notebooks/BiQUIC_sweep_Bext.ipynb::BiQUIC_sweep_Bext.ipynb::notebook 
INTERNALERROR> def worker_internal_error(
INTERNALERROR>         self, node: WorkerController, formatted_error: str
INTERNALERROR>     ) -> None:
INTERNALERROR>         """
INTERNALERROR>         pytest_internalerror() was called on the worker.
INTERNALERROR>     
INTERNALERROR>         pytest_internalerror() arguments are an excinfo and an excrepr, which can't
INTERNALERROR>         be serialized, so we go with a poor man's solution of raising an exception
INTERNALERROR>         here ourselves using the formatted message.
INTERNALERROR>         """
INTERNALERROR>         self._active_nodes.remove(node)
INTERNALERROR>         try:
INTERNALERROR> >           assert False, formatted_error
INTERNALERROR> E           AssertionError: Traceback (most recent call last):
INTERNALERROR> E               File "/usr/local/py-utils/venvs/pytest/lib/python3.12/site-packages/_pytest/main.py", line 318, in wrap_session
INTERNALERROR> E                 session.exitstatus = doit(config, session) or 0
INTERNALERROR> E                                      ^^^^^^^^^^^^^^^^^^^^^
INTERNALERROR> E               File "/usr/local/py-utils/venvs/pytest/lib/python3.12/site-packages/_pytest/main.py", line 372, in _main
INTERNALERROR> E                 config.hook.pytest_runtestloop(session=session)
INTERNALERROR> E               File "/usr/local/py-utils/venvs/pytest/lib/python3.12/site-packages/pluggy/_hooks.py", line 512, in __call__
INTERNALERROR> E                 return self._hookexec(self.name, self._hookimpls.copy(), kwargs, firstresult)
INTERNALERROR> E                        ^^^^^^^^^^^^^^^^^^^^^^^^^^^^^^^^^^^^^^^^^^^^^^^^^^^^^^^^^^^^^^^^^^^^^^
INTERNALERROR> E               File "/usr/local/py-utils/venvs/pytest/lib/python3.12/site-packages/pluggy/_manager.py", line 120, in _hookexec
INTERNALERROR> E                 return self._inner_hookexec(hook_name, methods, kwargs, firstresult)
INTERNALERROR> E                        ^^^^^^^^^^^^^^^^^^^^^^^^^^^^^^^^^^^^^^^^^^^^^^^^^^^^^^^^^^^^^
INTERNALERROR> E               File "/usr/local/py-utils/venvs/pytest/lib/python3.12/site-packages/pluggy/_callers.py", line 167, in _multicall
INTERNALERROR> E                 raise exception
INTERNALERROR> E               File "/usr/local/py-utils/venvs/pytest/lib/python3.12/site-packages/pluggy/_callers.py", line 139, in _multicall
INTERNALERROR> E                 teardown.throw(exception)
INTERNALERROR> E               File "/usr/local/py-utils/venvs/pytest/lib/python3.12/site-packages/_pytest/logging.py", line 801, in pytest_runtestloop
INTERNALERROR> E                 return (yield)  # Run all the tests.
INTERNALERROR> E                         ^^^^^
INTERNALERROR> E               File "/usr/local/py-utils/venvs/pytest/lib/python3.12/site-packages/pluggy/_callers.py", line 139, in _multicall
INTERNALERROR> E                 teardown.throw(exception)
INTERNALERROR> E               File "/usr/local/py-utils/venvs/pytest/lib/python3.12/site-packages/_pytest/terminal.py", line 707, in pytest_runtestloop
INTERNALERROR> E                 result = yield
INTERNALERROR> E                          ^^^^^
INTERNALERROR> E               File "/usr/local/py-utils/venvs/pytest/lib/python3.12/site-packages/pluggy/_callers.py", line 121, in _multicall
INTERNALERROR> E                 res = hook_impl.function(*args)
INTERNALERROR> E                       ^^^^^^^^^^^^^^^^^^^^^^^^^
INTERNALERROR> E               File "/usr/local/lib/python3.12/site-packages/xdist/remote.py", line 206, in pytest_runtestloop
INTERNALERROR> E                 self.run_one_test()
INTERNALERROR> E               File "/usr/local/lib/python3.12/site-packages/xdist/remote.py", line 227, in run_one_test
INTERNALERROR> E                 self.config.hook.pytest_runtest_protocol(item=item, nextitem=nextitem)
INTERNALERROR> E               File "/usr/local/py-utils/venvs/pytest/lib/python3.12/site-packages/pluggy/_hooks.py", line 512, in __call__
INTERNALERROR> E                 return self._hookexec(self.name, self._hookimpls.copy(), kwargs, firstresult)
INTERNALERROR> E                        ^^^^^^^^^^^^^^^^^^^^^^^^^^^^^^^^^^^^^^^^^^^^^^^^^^^^^^^^^^^^^^^^^^^^^^
INTERNALERROR> E               File "/usr/local/py-utils/venvs/pytest/lib/python3.12/site-packages/pluggy/_manager.py", line 120, in _hookexec
INTERNALERROR> E                 return self._inner_hookexec(hook_name, methods, kwargs, firstresult)
INTERNALERROR> E                        ^^^^^^^^^^^^^^^^^^^^^^^^^^^^^^^^^^^^^^^^^^^^^^^^^^^^^^^^^^^^^
INTERNALERROR> E               File "/usr/local/py-utils/venvs/pytest/lib/python3.12/site-packages/pluggy/_callers.py", line 167, in _multicall
INTERNALERROR> E                 raise exception
INTERNALERROR> E               File "/usr/local/py-utils/venvs/pytest/lib/python3.12/site-packages/pluggy/_callers.py", line 139, in _multicall
INTERNALERROR> E                 teardown.throw(exception)
INTERNALERROR> E               File "/usr/local/py-utils/venvs/pytest/lib/python3.12/site-packages/_pytest/warnings.py", line 89, in pytest_runtest_protocol
INTERNALERROR> E                 return (yield)
INTERNALERROR> E                         ^^^^^
INTERNALERROR> E               File "/usr/local/py-utils/venvs/pytest/lib/python3.12/site-packages/pluggy/_callers.py", line 139, in _multicall
INTERNALERROR> E                 teardown.throw(exception)
INTERNALERROR> E               File "/usr/local/py-utils/venvs/pytest/lib/python3.12/site-packages/_pytest/assertion/__init__.py", line 192, in pytest_runtest_protocol
INTERNALERROR> E                 return (yield)
INTERNALERROR> E                         ^^^^^
INTERNALERROR> E               File "/usr/local/py-utils/venvs/pytest/lib/python3.12/site-packages/pluggy/_callers.py", line 139, in _multicall
INTERNALERROR> E                 teardown.throw(exception)
INTERNALERROR> E               File "/usr/local/py-utils/venvs/pytest/lib/python3.12/site-packages/pluggy/_callers.py", line 53, in run_old_style_hookwrapper
INTERNALERROR> E                 return result.get_result()
INTERNALERROR> E                        ^^^^^^^^^^^^^^^^^^^
INTERNALERROR> E               File "/usr/local/py-utils/venvs/pytest/lib/python3.12/site-packages/pluggy/_result.py", line 103, in get_result
INTERNALERROR> E                 raise exc.with_traceback(tb)
INTERNALERROR> E               File "/usr/local/py-utils/venvs/pytest/lib/python3.12/site-packages/pluggy/_callers.py", line 38, in run_old_style_hookwrapper
INTERNALERROR> E                 res = yield
INTERNALERROR> E                       ^^^^^
INTERNALERROR> E               File "/usr/local/py-utils/venvs/pytest/lib/python3.12/site-packages/pluggy/_callers.py", line 139, in _multicall
INTERNALERROR> E                 teardown.throw(exception)
INTERNALERROR> E               File "/usr/local/py-utils/venvs/pytest/lib/python3.12/site-packages/_pytest/unittest.py", line 587, in pytest_runtest_protocol
INTERNALERROR> E                 return (yield)
INTERNALERROR> E                         ^^^^^
INTERNALERROR> E               File "/usr/local/py-utils/venvs/pytest/lib/python3.12/site-packages/pluggy/_callers.py", line 139, in _multicall
INTERNALERROR> E                 teardown.throw(exception)
INTERNALERROR> E               File "/usr/local/py-utils/venvs/pytest/lib/python3.12/site-packages/_pytest/faulthandler.py", line 102, in pytest_runtest_protocol
INTERNALERROR> E                 return (yield)
INTERNALERROR> E                         ^^^^^
INTERNALERROR> E               File "/usr/local/py-utils/venvs/pytest/lib/python3.12/site-packages/pluggy/_callers.py", line 121, in _multicall
INTERNALERROR> E                 res = hook_impl.function(*args)
INTERNALERROR> E                       ^^^^^^^^^^^^^^^^^^^^^^^^^
INTERNALERROR> E               File "/usr/local/py-utils/venvs/pytest/lib/python3.12/site-packages/_pytest/runner.py", line 118, in pytest_runtest_protocol
INTERNALERROR> E                 runtestprotocol(item, nextitem=nextitem)
INTERNALERROR> E               File "/usr/local/py-utils/venvs/pytest/lib/python3.12/site-packages/_pytest/runner.py", line 131, in runtestprotocol
INTERNALERROR> E                 rep = call_and_report(item, "setup", log)
INTERNALERROR> E                       ^^^^^^^^^^^^^^^^^^^^^^^^^^^^^^^^^^^
INTERNALERROR> E               File "/usr/local/py-utils/venvs/pytest/lib/python3.12/site-packages/_pytest/runner.py", line 249, in call_and_report
INTERNALERROR> E                 report: TestReport = ihook.pytest_runtest_makereport(item=item, call=call)
INTERNALERROR> E                                      ^^^^^^^^^^^^^^^^^^^^^^^^^^^^^^^^^^^^^^^^^^^^^^^^^^^^^
INTERNALERROR> E               File "/usr/local/py-utils/venvs/pytest/lib/python3.12/site-packages/pluggy/_hooks.py", line 512, in __call__
INTERNALERROR> E                 return self._hookexec(self.name, self._hookimpls.copy(), kwargs, firstresult)
INTERNALERROR> E                        ^^^^^^^^^^^^^^^^^^^^^^^^^^^^^^^^^^^^^^^^^^^^^^^^^^^^^^^^^^^^^^^^^^^^^^
INTERNALERROR> E               File "/usr/local/py-utils/venvs/pytest/lib/python3.12/site-packages/pluggy/_manager.py", line 120, in _hookexec
INTERNALERROR> E                 return self._inner_hookexec(hook_name, methods, kwargs, firstresult)
INTERNALERROR> E                        ^^^^^^^^^^^^^^^^^^^^^^^^^^^^^^^^^^^^^^^^^^^^^^^^^^^^^^^^^^^^^
INTERNALERROR> E               File "/usr/local/py-utils/venvs/pytest/lib/python3.12/site-packages/pluggy/_callers.py", line 167, in _multicall
INTERNALERROR> E                 raise exception
INTERNALERROR> E               File "/usr/local/py-utils/venvs/pytest/lib/python3.12/site-packages/pluggy/_callers.py", line 139, in _multicall
INTERNALERROR> E                 teardown.throw(exception)
INTERNALERROR> E               File "/usr/local/py-utils/venvs/pytest/lib/python3.12/site-packages/_pytest/tmpdir.py", line 311, in pytest_runtest_makereport
INTERNALERROR> E                 rep = yield
INTERNALERROR> E                       ^^^^^
INTERNALERROR> E               File "/usr/local/py-utils/venvs/pytest/lib/python3.12/site-packages/pluggy/_callers.py", line 152, in _multicall
INTERNALERROR> E                 teardown.send(result)
INTERNALERROR> E               File "/usr/local/py-utils/venvs/pytest/lib/python3.12/site-packages/pluggy/_callers.py", line 43, in run_old_style_hookwrapper
INTERNALERROR> E                 teardown.send(result)
INTERNALERROR> E               File "/usr/local/lib/python3.12/site-packages/pytest_notebook_test/plugin.py", line 459, in pytest_runtest_makereport
INTERNALERROR> E                 item._dump_generated_code(rep)
INTERNALERROR> E               File "/usr/local/lib/python3.12/site-packages/pytest_notebook_test/plugin.py", line 430, in _dump_generated_code
INTERNALERROR> E                 if keep == "onfail" and rep.passed:
INTERNALERROR> E                                         ^^^^^^^^^^
INTERNALERROR> E             AttributeError: 'Result' object has no attribute 'passed'
INTERNALERROR> E           assert False
INTERNALERROR> 
INTERNALERROR> /usr/local/lib/python3.12/site-packages/xdist/dsession.py:232: AssertionError
INTERNALERROR> Traceback (most recent call last):
INTERNALERROR>   File "/usr/local/py-utils/venvs/pytest/lib/python3.12/site-packages/_pytest/main.py", line 318, in wrap_session
INTERNALERROR>     session.exitstatus = doit(config, session) or 0
INTERNALERROR>                          ^^^^^^^^^^^^^^^^^^^^^
INTERNALERROR>   File "/usr/local/py-utils/venvs/pytest/lib/python3.12/site-packages/_pytest/main.py", line 372, in _main
INTERNALERROR>     config.hook.pytest_runtestloop(session=session)
INTERNALERROR>   File "/usr/local/py-utils/venvs/pytest/lib/python3.12/site-packages/pluggy/_hooks.py", line 512, in __call__
INTERNALERROR>     return self._hookexec(self.name, self._hookimpls.copy(), kwargs, firstresult)
INTERNALERROR>            ^^^^^^^^^^^^^^^^^^^^^^^^^^^^^^^^^^^^^^^^^^^^^^^^^^^^^^^^^^^^^^^^^^^^^^
INTERNALERROR>   File "/usr/local/py-utils/venvs/pytest/lib/python3.12/site-packages/pluggy/_manager.py", line 120, in _hookexec
INTERNALERROR>     return self._inner_hookexec(hook_name, methods, kwargs, firstresult)
INTERNALERROR>            ^^^^^^^^^^^^^^^^^^^^^^^^^^^^^^^^^^^^^^^^^^^^^^^^^^^^^^^^^^^^^
INTERNALERROR>   File "/usr/local/py-utils/venvs/pytest/lib/python3.12/site-packages/pluggy/_callers.py", line 167, in _multicall
INTERNALERROR>     raise exception
INTERNALERROR>   File "/usr/local/py-utils/venvs/pytest/lib/python3.12/site-packages/pluggy/_callers.py", line 139, in _multicall
INTERNALERROR>     teardown.throw(exception)
INTERNALERROR>   File "/usr/local/py-utils/venvs/pytest/lib/python3.12/site-packages/_pytest/logging.py", line 801, in pytest_runtestloop
INTERNALERROR>     return (yield)  # Run all the tests.
INTERNALERROR>             ^^^^^
INTERNALERROR>   File "/usr/local/py-utils/venvs/pytest/lib/python3.12/site-packages/pluggy/_callers.py", line 139, in _multicall
INTERNALERROR>     teardown.throw(exception)
INTERNALERROR>   File "/usr/local/py-utils/venvs/pytest/lib/python3.12/site-packages/_pytest/terminal.py", line 707, in pytest_runtestloop
INTERNALERROR>     result = yield
INTERNALERROR>              ^^^^^
INTERNALERROR>   File "/usr/local/py-utils/venvs/pytest/lib/python3.12/site-packages/pluggy/_callers.py", line 121, in _multicall
INTERNALERROR>     res = hook_impl.function(*args)
INTERNALERROR>           ^^^^^^^^^^^^^^^^^^^^^^^^^
INTERNALERROR>   File "/usr/local/lib/python3.12/site-packages/xdist/dsession.py", line 138, in pytest_runtestloop
INTERNALERROR>     self.loop_once()
INTERNALERROR>   File "/usr/local/lib/python3.12/site-packages/xdist/dsession.py", line 152, in loop_once
INTERNALERROR>     raise RuntimeError("Unexpectedly no active workers available")
INTERNALERROR> RuntimeError: Unexpectedly no active workers available

=========================================== 2 warnings in 2.21s ===========================================
vscode âžœ /workspaces/mag_trap_python (main) $ 